<?xml version="1.0" encoding="UTF-8"?>
<!-- Generated by org.testng.reporters.JUnitXMLReporter -->
<testsuite ignored="0" hostname="IBM-PF3KLKWB" failures="1" tests="2" name="Surefire test" time="14.133" errors="0" timestamp="2022-09-29T16:31:25 EDT">
  <testcase classname="io.cucumber.testng.AbstractTestNGCucumberTests" name="runScenario" time="11.071">
    <failure type="org.openqa.selenium.ElementClickInterceptedException" message="element click intercepted: Element &amp;lt;a href=&amp;quot;javascript:;&amp;quot; title=&amp;quot;Log In&amp;quot; class=&amp;quot;btn_signin dropdown-toggle linkSignIn active&amp;quot; data-toggle=&amp;quot;modal&amp;quot; data-target=&amp;quot;#LoginModal&amp;quot;&amp;gt;...&amp;lt;/a&amp;gt; is not clickable at point (887, 72). Other element would receive the click: &amp;lt;div class=&amp;quot;wzrk-alert wiz-show-animate&amp;quot;&amp;gt;...&amp;lt;/div&amp;gt;
  (Session info: chrome=106.0.5249.61)
Build info: version: &amp;apos;4.4.0&amp;apos;, revision: &amp;apos;e5c75ed026a&amp;apos;
System info: host: &amp;apos;IBM-PF3KLKWB&amp;apos;, ip: &amp;apos;9.160.44.182&amp;apos;, os.name: &amp;apos;Windows 11&amp;apos;, os.arch: &amp;apos;amd64&amp;apos;, os.version: &amp;apos;10.0&amp;apos;, java.version: &amp;apos;17.0.4.1&amp;apos;
Driver info: org.openqa.selenium.chrome.ChromeDriver
Command: [63822690925f75883373da6a84c16c08, clickElement {id=9e8882f1-f249-4756-ac5a-378f7f6bf98b}]
Capabilities {acceptInsecureCerts: false, browserName: chrome, browserVersion: 106.0.5249.61, chrome: {chromedriverVersion: 105.0.5195.52 (412c95e51883..., userDataDir: C:\Users\7J6295~1\AppData\L...}, goog:chromeOptions: {debuggerAddress: localhost:57936}, networkConnectionEnabled: false, pageLoadStrategy: normal, platformName: WINDOWS, proxy: Proxy(), se:cdp: ws://localhost:57936/devtoo..., se:cdpVersion: 106.0.5249.61, setWindowRect: true, strictFileInteractability: false, timeouts: {implicit: 0, pageLoad: 300000, script: 30000}, unhandledPromptBehavior: dismiss and notify, webauthn:extension:credBlob: true, webauthn:extension:largeBlob: true, webauthn:virtualAuthenticators: true}
Element: [[ChromeDriver: chrome on WINDOWS (63822690925f75883373da6a84c16c08)] -&amp;gt; link text: Log-in]
Session ID: 63822690925f75883373da6a84c16c08">
      <![CDATA[org.openqa.selenium.ElementClickInterceptedException: element click intercepted: Element <a href="javascript:;" title="Log In" class="btn_signin dropdown-toggle linkSignIn active" data-toggle="modal" data-target="#LoginModal">...</a> is not clickable at point (887, 72). Other element would receive the click: <div class="wzrk-alert wiz-show-animate">...</div>
  (Session info: chrome=106.0.5249.61)
Build info: version: '4.4.0', revision: 'e5c75ed026a'
System info: host: 'IBM-PF3KLKWB', ip: '9.160.44.182', os.name: 'Windows 11', os.arch: 'amd64', os.version: '10.0', java.version: '17.0.4.1'
Driver info: org.openqa.selenium.chrome.ChromeDriver
Command: [63822690925f75883373da6a84c16c08, clickElement {id=9e8882f1-f249-4756-ac5a-378f7f6bf98b}]
Capabilities {acceptInsecureCerts: false, browserName: chrome, browserVersion: 106.0.5249.61, chrome: {chromedriverVersion: 105.0.5195.52 (412c95e51883..., userDataDir: C:\Users\7J6295~1\AppData\L...}, goog:chromeOptions: {debuggerAddress: localhost:57936}, networkConnectionEnabled: false, pageLoadStrategy: normal, platformName: WINDOWS, proxy: Proxy(), se:cdp: ws://localhost:57936/devtoo..., se:cdpVersion: 106.0.5249.61, setWindowRect: true, strictFileInteractability: false, timeouts: {implicit: 0, pageLoad: 300000, script: 30000}, unhandledPromptBehavior: dismiss and notify, webauthn:extension:credBlob: true, webauthn:extension:largeBlob: true, webauthn:virtualAuthenticators: true}
Element: [[ChromeDriver: chrome on WINDOWS (63822690925f75883373da6a84c16c08)] -> link text: Log-in]
Session ID: 63822690925f75883373da6a84c16c08
at org.openqa.selenium.remote.codec.w3c.W3CHttpResponseCodec.createException(W3CHttpResponseCodec.java:200)
at org.openqa.selenium.remote.codec.w3c.W3CHttpResponseCodec.decode(W3CHttpResponseCodec.java:133)
at org.openqa.selenium.remote.codec.w3c.W3CHttpResponseCodec.decode(W3CHttpResponseCodec.java:53)
at org.openqa.selenium.remote.HttpCommandExecutor.execute(HttpCommandExecutor.java:184)
at org.openqa.selenium.remote.service.DriverCommandExecutor.invokeExecute(DriverCommandExecutor.java:167)
at org.openqa.selenium.remote.service.DriverCommandExecutor.execute(DriverCommandExecutor.java:142)
at org.openqa.selenium.remote.RemoteWebDriver.execute(RemoteWebDriver.java:547)
at org.openqa.selenium.remote.RemoteWebElement.execute(RemoteWebElement.java:257)
at org.openqa.selenium.remote.RemoteWebElement.click(RemoteWebElement.java:78)
at pageObjects.HomePage.clickLogin(HomePage.java:66)
at stepDefinitions.HomePageStepDefinition.clicksTheLogInButton(HomePageStepDefinition.java:37)
at âœ½.clicks the Log-in button(file:///C:/Users/7J6295897/IdeaProjects/Selenium_Hands-On/src/test/java/features/login.feature:6)
... Removed 5 stack frames]]>
    </failure>
  </testcase> <!-- runScenario -->
  <testcase classname="io.cucumber.testng.AbstractTestNGCucumberTests" name="runScenario" time="13.942"/>
</testsuite> <!-- Surefire test -->
