<?xml version="1.0" encoding="UTF-8"?>
<!-- Generated by org.testng.reporters.JUnitReportReporter -->
<testsuite hostname="IBM-PF3KLKWB" failures="0" tests="2" name="cucumberOptions.TestNGRunner" time="25.013" errors="1" timestamp="2022-09-29T16:31:25 EDT" skipped="0">
  <testcase classname="cucumberOptions.TestNGRunner" name="runScenario" time="11.071">
    <error message="element click intercepted: Element &lt;a href=&quot;javascript:;&quot; title=&quot;Log In&quot; class=&quot;btn_signin dropdown-toggle linkSignIn active&quot; data-toggle=&quot;modal&quot; data-target=&quot;#LoginModal&quot;&gt;...&lt;/a&gt; is not clickable at point (887, 72). Other element would receive the click: &lt;div class=&quot;wzrk-alert wiz-show-animate&quot;&gt;...&lt;/div&gt;
  (Session info: chrome=106.0.5249.61)
Build info: version: &#039;4.4.0&#039;, revision: &#039;e5c75ed026a&#039;
System info: host: &#039;IBM-PF3KLKWB&#039;, ip: &#039;9.160.44.182&#039;, os.name: &#039;Windows 11&#039;, os.arch: &#039;amd64&#039;, os.version: &#039;10.0&#039;, java.version: &#039;17.0.4.1&#039;
Driver info: org.openqa.selenium.chrome.ChromeDriver
Command: [63822690925f75883373da6a84c16c08, clickElement {id=9e8882f1-f249-4756-ac5a-378f7f6bf98b}]
Capabilities {acceptInsecureCerts: false, browserName: chrome, browserVersion: 106.0.5249.61, chrome: {chromedriverVersion: 105.0.5195.52 (412c95e51883..., userDataDir: C:\Users\7J6295~1\AppData\L...}, goog:chromeOptions: {debuggerAddress: localhost:57936}, networkConnectionEnabled: false, pageLoadStrategy: normal, platformName: WINDOWS, proxy: Proxy(), se:cdp: ws://localhost:57936/devtoo..., se:cdpVersion: 106.0.5249.61, setWindowRect: true, strictFileInteractability: false, timeouts: {implicit: 0, pageLoad: 300000, script: 30000}, unhandledPromptBehavior: dismiss and notify, webauthn:extension:credBlob: true, webauthn:extension:largeBlob: true, webauthn:virtualAuthenticators: true}
Element: [[ChromeDriver: chrome on WINDOWS (63822690925f75883373da6a84c16c08)] -&gt; link text: Log-in]
Session ID: 63822690925f75883373da6a84c16c08" type="org.openqa.selenium.ElementClickInterceptedException">
      <![CDATA[org.openqa.selenium.ElementClickInterceptedException: element click intercepted: Element <a href="javascript:;" title="Log In" class="btn_signin dropdown-toggle linkSignIn active" data-toggle="modal" data-target="#LoginModal">...</a> is not clickable at point (887, 72). Other element would receive the click: <div class="wzrk-alert wiz-show-animate">...</div>
  (Session info: chrome=106.0.5249.61)
Build info: version: '4.4.0', revision: 'e5c75ed026a'
System info: host: 'IBM-PF3KLKWB', ip: '9.160.44.182', os.name: 'Windows 11', os.arch: 'amd64', os.version: '10.0', java.version: '17.0.4.1'
Driver info: org.openqa.selenium.chrome.ChromeDriver
Command: [63822690925f75883373da6a84c16c08, clickElement {id=9e8882f1-f249-4756-ac5a-378f7f6bf98b}]
Capabilities {acceptInsecureCerts: false, browserName: chrome, browserVersion: 106.0.5249.61, chrome: {chromedriverVersion: 105.0.5195.52 (412c95e51883..., userDataDir: C:\Users\7J6295~1\AppData\L...}, goog:chromeOptions: {debuggerAddress: localhost:57936}, networkConnectionEnabled: false, pageLoadStrategy: normal, platformName: WINDOWS, proxy: Proxy(), se:cdp: ws://localhost:57936/devtoo..., se:cdpVersion: 106.0.5249.61, setWindowRect: true, strictFileInteractability: false, timeouts: {implicit: 0, pageLoad: 300000, script: 30000}, unhandledPromptBehavior: dismiss and notify, webauthn:extension:credBlob: true, webauthn:extension:largeBlob: true, webauthn:virtualAuthenticators: true}
Element: [[ChromeDriver: chrome on WINDOWS (63822690925f75883373da6a84c16c08)] -> link text: Log-in]
Session ID: 63822690925f75883373da6a84c16c08
at java.base/jdk.internal.reflect.NativeConstructorAccessorImpl.newInstance0(Native Method)
at java.base/jdk.internal.reflect.NativeConstructorAccessorImpl.newInstance(NativeConstructorAccessorImpl.java:77)
at java.base/jdk.internal.reflect.DelegatingConstructorAccessorImpl.newInstance(DelegatingConstructorAccessorImpl.java:45)
at java.base/java.lang.reflect.Constructor.newInstanceWithCaller(Constructor.java:499)
at java.base/java.lang.reflect.Constructor.newInstance(Constructor.java:480)
at org.openqa.selenium.remote.codec.w3c.W3CHttpResponseCodec.createException(W3CHttpResponseCodec.java:200)
at org.openqa.selenium.remote.codec.w3c.W3CHttpResponseCodec.decode(W3CHttpResponseCodec.java:133)
at org.openqa.selenium.remote.codec.w3c.W3CHttpResponseCodec.decode(W3CHttpResponseCodec.java:53)
at org.openqa.selenium.remote.HttpCommandExecutor.execute(HttpCommandExecutor.java:184)
at org.openqa.selenium.remote.service.DriverCommandExecutor.invokeExecute(DriverCommandExecutor.java:167)
at org.openqa.selenium.remote.service.DriverCommandExecutor.execute(DriverCommandExecutor.java:142)
at org.openqa.selenium.remote.RemoteWebDriver.execute(RemoteWebDriver.java:547)
at org.openqa.selenium.remote.RemoteWebElement.execute(RemoteWebElement.java:257)
at org.openqa.selenium.remote.RemoteWebElement.click(RemoteWebElement.java:78)
at pageObjects.HomePage.clickLogin(HomePage.java:66)
at stepDefinitions.HomePageStepDefinition.clicksTheLogInButton(HomePageStepDefinition.java:37)
at âœ½.clicks the Log-in button(file:///C:/Users/7J6295897/IdeaProjects/Selenium_Hands-On/src/test/java/features/login.feature:6)
]]>
    </error>
  </testcase> <!-- runScenario -->
  <system-out/>
  <testcase classname="cucumberOptions.TestNGRunner" name="runScenario" time="13.942"/>
  <system-out/>
</testsuite> <!-- cucumberOptions.TestNGRunner -->
